<?xml version="1.0" encoding="UTF-8"?>
<testng-results skipped="0" failed="0" total="1" passed="1">
  <reporter-output>
  </reporter-output>
  <suite name="Suite" duration-ms="10103" started-at="2019-05-16T06:05:52Z" finished-at="2019-05-16T06:06:02Z">
    <groups>
    </groups>
    <test name="Test" duration-ms="10103" started-at="2019-05-16T06:05:52Z" finished-at="2019-05-16T06:06:02Z">
      <class name="Execution.Run">
        <test-method status="PASS" signature="run()[pri:0, instance:Execution.Run@79be0360]" name="run" duration-ms="10029" started-at="2019-05-16T02:05:52Z" finished-at="2019-05-16T02:06:02Z">
          <reporter-output>
          </reporter-output>
        </test-method> <!-- run -->
      </class> <!-- Execution.Run -->
    </test> <!-- Test -->
  </suite> <!-- Suite -->
</testng-results>
